Sandbox logs:
{
  "sandboxLog": "{\"errorMessage\":\"2024-04-13T04:32:48.501Z 9ee8ec8a-72b0-46ca-83ab-b35a362ef4ad Task timed out after 1.03 seconds\"}",
  "lambdaLog": "{\"errorMessage\":\"2024-04-13T04:32:48.501Z 9ee8ec8a-72b0-46ca-83ab-b35a362ef4ad Task timed out after 1.03 seconds\"}",
  "timestamp": 0
}
{
  "sandboxLog": "{\"errorMessage\":\"2024-04-13T04:32:49.860Z f760dfc2-a543-4e76-85bc-ce56fe14e412 Task timed out after 1.11 seconds\"}",
  "lambdaLog": "{\"errorMessage\":\"2024-04-13T04:32:49.860Z f760dfc2-a543-4e76-85bc-ce56fe14e412 Task timed out after 1.11 seconds\"}",
  "timestamp": 100
}
{
  "sandboxLog": "{\"errorMessage\":\"2024-04-13T04:32:51.099Z e73deb29-cb45-43e2-89f3-acd520c42b4f Task timed out after 1.18 seconds\"}",
  "lambdaLog": "{\"errorMessage\":\"2024-04-13T04:32:51.099Z e73deb29-cb45-43e2-89f3-acd520c42b4f Task timed out after 1.18 seconds\"}",
  "timestamp": 200
}
{
  "sandboxLog": "{\"errorMessage\":\"2024-04-13T04:32:52.360Z 09cf629c-eee4-41bd-9322-1eb572d8ebd5 Task timed out after 1.04 seconds\"}",
  "lambdaLog": "{\"errorMessage\":\"2024-04-13T04:32:52.360Z 09cf629c-eee4-41bd-9322-1eb572d8ebd5 Task timed out after 1.04 seconds\"}",
  "timestamp": 300
}
{
  "sandboxLog": "{\"errorMessage\":\"2024-04-13T04:32:53.421Z a725433c-58c2-40fb-bfed-9441cdb234c5 Task timed out after 1.02 seconds\"}",
  "lambdaLog": "{\"errorMessage\":\"2024-04-13T04:32:53.421Z a725433c-58c2-40fb-bfed-9441cdb234c5 Task timed out after 1.02 seconds\"}",
  "timestamp": 400
}
{
  "sandboxLog": "{\"errorMessage\":\"2024-04-13T04:32:54.560Z 03122491-c21b-472e-b71d-1836b36ab8fa Task timed out after 1.08 seconds\"}",
  "lambdaLog": "{\"errorMessage\":\"2024-04-13T04:32:54.560Z 03122491-c21b-472e-b71d-1836b36ab8fa Task timed out after 1.08 seconds\"}",
  "timestamp": 500
}
{
  "sandboxLog": "{\"errorMessage\":\"2024-04-13T04:32:55.640Z 239f1f40-b940-4ddf-8a13-ed3bd8809675 Task timed out after 1.04 seconds\"}",
  "lambdaLog": "{\"errorMessage\":\"2024-04-13T04:32:55.640Z 239f1f40-b940-4ddf-8a13-ed3bd8809675 Task timed out after 1.04 seconds\"}",
  "timestamp": 600
}
{
  "sandboxLog": "{\"errorMessage\":\"2024-04-13T04:32:56.901Z f81445b3-081b-4189-a6eb-81cd865870a8 Task timed out after 1.06 seconds\"}",
  "lambdaLog": "{\"errorMessage\":\"2024-04-13T04:32:56.901Z f81445b3-081b-4189-a6eb-81cd865870a8 Task timed out after 1.06 seconds\"}",
  "timestamp": 700
}
{
  "sandboxLog": "{\"errorMessage\":\"2024-04-13T04:32:58.019Z 8b6df558-0508-4c03-9897-bc0077c5de32 Task timed out after 1.08 seconds\"}",
  "lambdaLog": "{\"errorMessage\":\"2024-04-13T04:32:58.019Z 8b6df558-0508-4c03-9897-bc0077c5de32 Task timed out after 1.08 seconds\"}",
  "timestamp": 800
}
{
  "sandboxLog": "{\"errorMessage\":\"2024-04-13T04:32:59.119Z 7e8a6e0d-6ebf-4b25-837a-a1361fe7d299 Task timed out after 1.06 seconds\"}",
  "lambdaLog": "{\"errorMessage\":\"2024-04-13T04:32:59.119Z 7e8a6e0d-6ebf-4b25-837a-a1361fe7d299 Task timed out after 1.06 seconds\"}",
  "timestamp": 900
}
{
  "sandboxLog": "{\"errorMessage\":\"2024-04-13T04:33:00.160Z c6afff92-4067-4a43-8963-970f0174d861 Task timed out after 1.02 seconds\"}",
  "lambdaLog": "{\"errorMessage\":\"2024-04-13T04:33:00.160Z c6afff92-4067-4a43-8963-970f0174d861 Task timed out after 1.02 seconds\"}",
  "timestamp": 1000
}
{
  "sandboxLog": "{\"errorMessage\":\"2024-04-13T04:33:01.260Z c10d7aa5-064e-4b0b-a0e8-311091e2c365 Task timed out after 1.06 seconds\"}",
  "lambdaLog": "{\"errorMessage\":\"2024-04-13T04:33:01.260Z c10d7aa5-064e-4b0b-a0e8-311091e2c365 Task timed out after 1.06 seconds\"}",
  "timestamp": 1100
}
{
  "sandboxLog": "{\"errorMessage\":\"2024-04-13T04:33:02.340Z 938dfa0a-de92-46e1-8a4f-5305212793ca Task timed out after 1.04 seconds\"}",
  "lambdaLog": "{\"errorMessage\":\"2024-04-13T04:33:02.340Z 938dfa0a-de92-46e1-8a4f-5305212793ca Task timed out after 1.04 seconds\"}",
  "timestamp": 1200
}
{
  "sandboxLog": "{\"errorMessage\":\"2024-04-13T04:33:03.401Z 7f195af8-8fce-4681-b61e-9979dbca87a0 Task timed out after 1.02 seconds\"}",
  "lambdaLog": "{\"errorMessage\":\"2024-04-13T04:33:03.401Z 7f195af8-8fce-4681-b61e-9979dbca87a0 Task timed out after 1.02 seconds\"}",
  "timestamp": 1300
}
{
  "sandboxLog": "{\"errorMessage\":\"2024-04-13T04:33:04.481Z a8184cfe-5f65-478f-bfcb-f5eb2a227d3f Task timed out after 1.04 seconds\"}",
  "lambdaLog": "{\"errorMessage\":\"2024-04-13T04:33:04.481Z a8184cfe-5f65-478f-bfcb-f5eb2a227d3f Task timed out after 1.04 seconds\"}",
  "timestamp": 1400
}
{
  "sandboxLog": "{\"errorMessage\":\"2024-04-13T04:33:05.759Z 06b880b5-920b-4921-ad99-eaf6f9f93803 Task timed out after 1.08 seconds\"}",
  "lambdaLog": "{\"errorMessage\":\"2024-04-13T04:33:05.759Z 06b880b5-920b-4921-ad99-eaf6f9f93803 Task timed out after 1.08 seconds\"}",
  "timestamp": 1500
}
{
  "sandboxLog": "{\"errorMessage\":\"2024-04-13T04:33:06.781Z 89f34e68-4f4e-4cda-8bff-751cff6fa03c Task timed out after 1.00 seconds\"}",
  "lambdaLog": "{\"errorMessage\":\"2024-04-13T04:33:06.781Z 89f34e68-4f4e-4cda-8bff-751cff6fa03c Task timed out after 1.00 seconds\"}",
  "timestamp": 1600
}
{
  "sandboxLog": "{\"errorMessage\":\"2024-04-13T04:33:07.841Z 59d37202-f65e-43cb-8581-58d990e81d08 Task timed out after 1.00 seconds\"}",
  "lambdaLog": "{\"errorMessage\":\"2024-04-13T04:33:07.841Z 59d37202-f65e-43cb-8581-58d990e81d08 Task timed out after 1.00 seconds\"}",
  "timestamp": 1700
}
{
  "sandboxLog": "{\"errorMessage\":\"2024-04-13T04:33:08.960Z 1b4108a1-feab-4b66-89d5-891898006615 Task timed out after 1.06 seconds\"}",
  "lambdaLog": "{\"errorMessage\":\"2024-04-13T04:33:08.960Z 1b4108a1-feab-4b66-89d5-891898006615 Task timed out after 1.06 seconds\"}",
  "timestamp": 1800
}
{
  "sandboxLog": "{\"errorMessage\":\"2024-04-13T04:33:10.021Z 71277369-3c17-406b-a9c5-3eecb94734f7 Task timed out after 1.02 seconds\"}",
  "lambdaLog": "{\"errorMessage\":\"2024-04-13T04:33:10.021Z 71277369-3c17-406b-a9c5-3eecb94734f7 Task timed out after 1.02 seconds\"}",
  "timestamp": 1900
}
{
  "sandboxLog": "{\"errorMessage\":\"2024-04-13T04:33:11.161Z c5ba8e6f-2171-4ce1-80e7-6732fba02863 Task timed out after 1.08 seconds\"}",
  "lambdaLog": "{\"errorMessage\":\"2024-04-13T04:33:11.161Z c5ba8e6f-2171-4ce1-80e7-6732fba02863 Task timed out after 1.08 seconds\"}",
  "timestamp": 2000
}
{
  "sandboxLog": "{\"errorMessage\":\"2024-04-13T04:33:12.320Z 7f73283a-d798-4df6-90e7-322c76580854 Task timed out after 1.11 seconds\"}",
  "lambdaLog": "{\"errorMessage\":\"2024-04-13T04:33:12.320Z 7f73283a-d798-4df6-90e7-322c76580854 Task timed out after 1.11 seconds\"}",
  "timestamp": 2100
}
{
  "sandboxLog": "{\"errorMessage\":\"2024-04-13T04:33:13.381Z 5218369a-97f3-4b55-b128-7a88e799a2af Task timed out after 1.02 seconds\"}",
  "lambdaLog": "{\"errorMessage\":\"2024-04-13T04:33:13.381Z 5218369a-97f3-4b55-b128-7a88e799a2af Task timed out after 1.02 seconds\"}",
  "timestamp": 2200
}
{
  "sandboxLog": "{\"errorMessage\":\"2024-04-13T04:33:14.461Z b7e4b035-73b9-4975-8ff9-f00decb32813 Task timed out after 1.02 seconds\"}",
  "lambdaLog": "{\"errorMessage\":\"2024-04-13T04:33:14.461Z b7e4b035-73b9-4975-8ff9-f00decb32813 Task timed out after 1.02 seconds\"}",
  "timestamp": 2300
}
{
  "sandboxLog": "{\"errorMessage\":\"2024-04-13T04:33:15.600Z 9a6cd298-d56d-4ff7-90d0-65df94c3a0f9 Task timed out after 1.08 seconds\"}",
  "lambdaLog": "{\"errorMessage\":\"2024-04-13T04:33:15.600Z 9a6cd298-d56d-4ff7-90d0-65df94c3a0f9 Task timed out after 1.08 seconds\"}",
  "timestamp": 2400
}
{
  "sandboxLog": "{\"errorMessage\":\"2024-04-13T04:33:16.641Z bfd32c79-37f1-4d5d-a2e2-21950930a986 Task timed out after 1.00 seconds\"}",
  "lambdaLog": "{\"errorMessage\":\"2024-04-13T04:33:16.641Z bfd32c79-37f1-4d5d-a2e2-21950930a986 Task timed out after 1.00 seconds\"}",
  "timestamp": 2500
}
{
  "sandboxLog": "{\"errorMessage\":\"2024-04-13T04:33:17.820Z 74f95024-cd7e-4ec0-ba19-45a3455d2b96 Task timed out after 1.12 seconds\"}",
  "lambdaLog": "{\"errorMessage\":\"2024-04-13T04:33:17.820Z 74f95024-cd7e-4ec0-ba19-45a3455d2b96 Task timed out after 1.12 seconds\"}",
  "timestamp": 2600
}
{
  "sandboxLog": "{\"errorMessage\":\"2024-04-13T04:33:18.900Z 5bb98570-1c66-44a6-956a-457e7a9fe337 Task timed out after 1.04 seconds\"}",
  "lambdaLog": "{\"errorMessage\":\"2024-04-13T04:33:18.900Z 5bb98570-1c66-44a6-956a-457e7a9fe337 Task timed out after 1.04 seconds\"}",
  "timestamp": 2700
}
{
  "sandboxLog": "{\"errorMessage\":\"2024-04-13T04:33:19.961Z 255b911c-1585-4968-9bb5-c9f0f682fc31 Task timed out after 1.02 seconds\"}",
  "lambdaLog": "{\"errorMessage\":\"2024-04-13T04:33:19.961Z 255b911c-1585-4968-9bb5-c9f0f682fc31 Task timed out after 1.02 seconds\"}",
  "timestamp": 2800
}
{
  "sandboxLog": "{\"errorMessage\":\"2024-04-13T04:33:21.060Z 5097b595-0f59-46af-b68e-cdb222502ed5 Task timed out after 1.06 seconds\"}",
  "lambdaLog": "{\"errorMessage\":\"2024-04-13T04:33:21.060Z 5097b595-0f59-46af-b68e-cdb222502ed5 Task timed out after 1.06 seconds\"}",
  "timestamp": 2900
}
{
  "sandboxLog": "{\"errorMessage\":\"2024-04-13T04:33:22.360Z 114b939b-d818-45db-81e9-bf3b55d7ca67 Task timed out after 1.08 seconds\"}",
  "lambdaLog": "{\"errorMessage\":\"2024-04-13T04:33:22.360Z 114b939b-d818-45db-81e9-bf3b55d7ca67 Task timed out after 1.08 seconds\"}",
  "timestamp": 3000
}
{
  "sandboxLog": "{\"errorMessage\":\"2024-04-13T04:33:23.420Z 86da2407-e76b-42a1-8645-34d6e84f64fb Task timed out after 1.02 seconds\"}",
  "lambdaLog": "{\"errorMessage\":\"2024-04-13T04:33:23.420Z 86da2407-e76b-42a1-8645-34d6e84f64fb Task timed out after 1.02 seconds\"}",
  "timestamp": 3100
}
{
  "sandboxLog": "{\"errorMessage\":\"2024-04-13T04:33:24.460Z d27381b8-a033-43bc-8fef-38e9dc803d90 Task timed out after 1.00 seconds\"}",
  "lambdaLog": "{\"errorMessage\":\"2024-04-13T04:33:24.460Z d27381b8-a033-43bc-8fef-38e9dc803d90 Task timed out after 1.00 seconds\"}",
  "timestamp": 3200
}
{
  "sandboxLog": "{\"errorMessage\":\"2024-04-13T04:33:25.641Z 39c9cd4b-5f46-4e3f-8ac0-a3888a5ab11e Task timed out after 1.12 seconds\"}",
  "lambdaLog": "{\"errorMessage\":\"2024-04-13T04:33:25.641Z 39c9cd4b-5f46-4e3f-8ac0-a3888a5ab11e Task timed out after 1.12 seconds\"}",
  "timestamp": 3300
}
{
  "sandboxLog": "{\"errorMessage\":\"2024-04-13T04:33:26.701Z b3b0aa71-cf3f-4bc1-983a-1ed83f0e9d8a Task timed out after 1.02 seconds\"}",
  "lambdaLog": "{\"errorMessage\":\"2024-04-13T04:33:26.701Z b3b0aa71-cf3f-4bc1-983a-1ed83f0e9d8a Task timed out after 1.02 seconds\"}",
  "timestamp": 3400
}
{
  "sandboxLog": "{\"errorMessage\":\"2024-04-13T04:33:27.860Z 002d64b4-9cef-4cfd-8b5d-c6c5b64fd1b7 Task timed out after 1.12 seconds\"}",
  "lambdaLog": "{\"errorMessage\":\"2024-04-13T04:33:27.860Z 002d64b4-9cef-4cfd-8b5d-c6c5b64fd1b7 Task timed out after 1.12 seconds\"}",
  "timestamp": 3500
}
{
  "sandboxLog": "{\"errorMessage\":\"2024-04-13T04:33:28.979Z 10111531-89bf-4bac-8586-328f9f4f01f6 Task timed out after 1.08 seconds\"}",
  "lambdaLog": "{\"errorMessage\":\"2024-04-13T04:33:28.979Z 10111531-89bf-4bac-8586-328f9f4f01f6 Task timed out after 1.08 seconds\"}",
  "timestamp": 3600
}
{
  "sandboxLog": "{\"errorMessage\":\"2024-04-13T04:33:30.062Z 548a41e9-2993-468d-9cd9-6387ee63e64d Task timed out after 1.06 seconds\"}",
  "lambdaLog": "{\"errorMessage\":\"2024-04-13T04:33:30.062Z 548a41e9-2993-468d-9cd9-6387ee63e64d Task timed out after 1.06 seconds\"}",
  "timestamp": 3700
}
{
  "sandboxLog": "{\"errorMessage\":\"2024-04-13T04:33:31.200Z dd7d9643-c9eb-4e99-b0bd-9a7e244dfe24 Task timed out after 1.06 seconds\"}",
  "lambdaLog": "{\"errorMessage\":\"2024-04-13T04:33:31.200Z dd7d9643-c9eb-4e99-b0bd-9a7e244dfe24 Task timed out after 1.06 seconds\"}",
  "timestamp": 3800
}
{
  "sandboxLog": "{\"errorMessage\":\"2024-04-13T04:33:32.259Z 737c0bde-1c4b-4757-8821-4490d1426d29 Task timed out after 1.04 seconds\"}",
  "lambdaLog": "{\"errorMessage\":\"2024-04-13T04:33:32.259Z 737c0bde-1c4b-4757-8821-4490d1426d29 Task timed out after 1.04 seconds\"}",
  "timestamp": 3900
}
{
  "sandboxLog": "{\"errorMessage\":\"2024-04-13T04:33:33.320Z 76fb964f-6c8c-49d6-87a8-c45c48ad3056 Task timed out after 1.02 seconds\"}",
  "lambdaLog": "{\"errorMessage\":\"2024-04-13T04:33:33.320Z 76fb964f-6c8c-49d6-87a8-c45c48ad3056 Task timed out after 1.02 seconds\"}",
  "timestamp": 4000
}
{
  "sandboxLog": "{\"errorMessage\":\"2024-04-13T04:33:34.380Z 82604b00-0cdd-4eb1-8fa4-0874cd904552 Task timed out after 1.02 seconds\"}",
  "lambdaLog": "{\"errorMessage\":\"2024-04-13T04:33:34.380Z 82604b00-0cdd-4eb1-8fa4-0874cd904552 Task timed out after 1.02 seconds\"}",
  "timestamp": 4100
}
{
  "sandboxLog": "{\"errorMessage\":\"2024-04-13T04:33:35.460Z 2b3637fa-9fb4-4db9-8e7f-d65f86a65f59 Task timed out after 1.04 seconds\"}",
  "lambdaLog": "{\"errorMessage\":\"2024-04-13T04:33:35.460Z 2b3637fa-9fb4-4db9-8e7f-d65f86a65f59 Task timed out after 1.04 seconds\"}",
  "timestamp": 4200
}
{
  "sandboxLog": "{\"errorMessage\":\"2024-04-13T04:33:36.519Z 21873847-7920-4ae3-9d04-821ec5763dcc Task timed out after 1.02 seconds\"}",
  "lambdaLog": "{\"errorMessage\":\"2024-04-13T04:33:36.519Z 21873847-7920-4ae3-9d04-821ec5763dcc Task timed out after 1.02 seconds\"}",
  "timestamp": 4300
}
{
  "sandboxLog": "{\"errorMessage\":\"2024-04-13T04:33:37.581Z dff133e4-61ad-4cd2-9a6e-d83fa4da45ca Task timed out after 1.02 seconds\"}",
  "lambdaLog": "{\"errorMessage\":\"2024-04-13T04:33:37.581Z dff133e4-61ad-4cd2-9a6e-d83fa4da45ca Task timed out after 1.02 seconds\"}",
  "timestamp": 4400
}
{
  "sandboxLog": "{\"errorMessage\":\"2024-04-13T04:33:38.660Z fb96b55b-479c-4f88-90c1-ed7e13fc3176 Task timed out after 1.02 seconds\"}",
  "lambdaLog": "{\"errorMessage\":\"2024-04-13T04:33:38.660Z fb96b55b-479c-4f88-90c1-ed7e13fc3176 Task timed out after 1.02 seconds\"}",
  "timestamp": 4500
}
{
  "sandboxLog": "{\"errorMessage\":\"2024-04-13T04:33:39.780Z 3d4b410f-63a2-44a7-bee2-a281aa539a64 Task timed out after 1.08 seconds\"}",
  "lambdaLog": "{\"errorMessage\":\"2024-04-13T04:33:39.780Z 3d4b410f-63a2-44a7-bee2-a281aa539a64 Task timed out after 1.08 seconds\"}",
  "timestamp": 4600
}
{
  "sandboxLog": "{\"errorMessage\":\"2024-04-13T04:33:40.861Z 5aaac750-8358-4544-b23d-7615d2769182 Task timed out after 1.06 seconds\"}",
  "lambdaLog": "{\"errorMessage\":\"2024-04-13T04:33:40.861Z 5aaac750-8358-4544-b23d-7615d2769182 Task timed out after 1.06 seconds\"}",
  "timestamp": 4700
}
{
  "sandboxLog": "{\"errorMessage\":\"2024-04-13T04:33:41.940Z 730872ff-2d2a-4649-9e9d-755b2fef84ae Task timed out after 1.04 seconds\"}",
  "lambdaLog": "{\"errorMessage\":\"2024-04-13T04:33:41.940Z 730872ff-2d2a-4649-9e9d-755b2fef84ae Task timed out after 1.04 seconds\"}",
  "timestamp": 4800
}
{
  "sandboxLog": "{\"errorMessage\":\"2024-04-13T04:33:43.059Z 389efb01-3ce5-47a8-8a78-e71fbe9eeaa4 Task timed out after 1.06 seconds\"}",
  "lambdaLog": "{\"errorMessage\":\"2024-04-13T04:33:43.059Z 389efb01-3ce5-47a8-8a78-e71fbe9eeaa4 Task timed out after 1.06 seconds\"}",
  "timestamp": 4900
}
{
  "sandboxLog": "{\"errorMessage\":\"2024-04-13T04:33:44.140Z 31bba86b-14ae-4881-9c32-b7924cdf059e Task timed out after 1.04 seconds\"}",
  "lambdaLog": "{\"errorMessage\":\"2024-04-13T04:33:44.140Z 31bba86b-14ae-4881-9c32-b7924cdf059e Task timed out after 1.04 seconds\"}",
  "timestamp": 5000
}
{
  "sandboxLog": "{\"errorMessage\":\"2024-04-13T04:33:45.199Z 1598c429-4372-4291-8e05-155b2f9e7cdc Task timed out after 1.02 seconds\"}",
  "lambdaLog": "{\"errorMessage\":\"2024-04-13T04:33:45.199Z 1598c429-4372-4291-8e05-155b2f9e7cdc Task timed out after 1.02 seconds\"}",
  "timestamp": 5100
}
{
  "sandboxLog": "{\"errorMessage\":\"2024-04-13T04:33:46.381Z 88f9e29c-e62b-402b-8045-c59a7b678e85 Task timed out after 1.12 seconds\"}",
  "lambdaLog": "{\"errorMessage\":\"2024-04-13T04:33:46.381Z 88f9e29c-e62b-402b-8045-c59a7b678e85 Task timed out after 1.12 seconds\"}",
  "timestamp": 5200
}
{
  "sandboxLog": "{\"errorMessage\":\"2024-04-13T04:33:47.441Z e3f05cff-da5a-46db-a455-4f8440a0eb70 Task timed out after 1.00 seconds\"}",
  "lambdaLog": "{\"errorMessage\":\"2024-04-13T04:33:47.441Z e3f05cff-da5a-46db-a455-4f8440a0eb70 Task timed out after 1.00 seconds\"}",
  "timestamp": 5300
}
{
  "sandboxLog": "{\"errorMessage\":\"2024-04-13T04:33:48.539Z 7b02efbc-2335-4e0d-82cf-0b2db6d163b1 Task timed out after 1.04 seconds\"}",
  "lambdaLog": "{\"errorMessage\":\"2024-04-13T04:33:48.539Z 7b02efbc-2335-4e0d-82cf-0b2db6d163b1 Task timed out after 1.04 seconds\"}",
  "timestamp": 5400
}
{
  "sandboxLog": "{\"errorMessage\":\"2024-04-13T04:33:49.620Z 15f8c163-6519-42a7-ae2d-a2de7abc2ef6 Task timed out after 1.04 seconds\"}",
  "lambdaLog": "{\"errorMessage\":\"2024-04-13T04:33:49.620Z 15f8c163-6519-42a7-ae2d-a2de7abc2ef6 Task timed out after 1.04 seconds\"}",
  "timestamp": 5500
}
{
  "sandboxLog": "{\"errorMessage\":\"2024-04-13T04:33:50.661Z 5deb064b-cfec-49cc-84a7-df025c8ff941 Task timed out after 1.00 seconds\"}",
  "lambdaLog": "{\"errorMessage\":\"2024-04-13T04:33:50.661Z 5deb064b-cfec-49cc-84a7-df025c8ff941 Task timed out after 1.00 seconds\"}",
  "timestamp": 5600
}
{
  "sandboxLog": "{\"errorMessage\":\"2024-04-13T04:33:51.780Z e1ff08a6-5961-4a85-be4f-948911e7ec44 Task timed out after 1.06 seconds\"}",
  "lambdaLog": "{\"errorMessage\":\"2024-04-13T04:33:51.780Z e1ff08a6-5961-4a85-be4f-948911e7ec44 Task timed out after 1.06 seconds\"}",
  "timestamp": 5700
}
{
  "sandboxLog": "{\"errorMessage\":\"2024-04-13T04:33:52.879Z 0797f220-ca0e-4ca9-be95-84b13f142b6a Task timed out after 1.06 seconds\"}",
  "lambdaLog": "{\"errorMessage\":\"2024-04-13T04:33:52.879Z 0797f220-ca0e-4ca9-be95-84b13f142b6a Task timed out after 1.06 seconds\"}",
  "timestamp": 5800
}
{
  "sandboxLog": "{\"errorMessage\":\"2024-04-13T04:33:54.000Z 0b020c84-8bf7-45dd-950d-3e186df8ed57 Task timed out after 1.08 seconds\"}",
  "lambdaLog": "{\"errorMessage\":\"2024-04-13T04:33:54.000Z 0b020c84-8bf7-45dd-950d-3e186df8ed57 Task timed out after 1.08 seconds\"}",
  "timestamp": 5900
}
{
  "sandboxLog": "{\"errorMessage\":\"2024-04-13T04:33:55.261Z feaa7f02-0857-4dfe-a11c-4b4795001b94 Task timed out after 1.06 seconds\"}",
  "lambdaLog": "{\"errorMessage\":\"2024-04-13T04:33:55.261Z feaa7f02-0857-4dfe-a11c-4b4795001b94 Task timed out after 1.06 seconds\"}",
  "timestamp": 6000
}
{
  "sandboxLog": "{\"errorMessage\":\"2024-04-13T04:33:56.339Z 8bf676bb-bc3e-4d31-bd1a-17574e325e5b Task timed out after 1.02 seconds\"}",
  "lambdaLog": "{\"errorMessage\":\"2024-04-13T04:33:56.339Z 8bf676bb-bc3e-4d31-bd1a-17574e325e5b Task timed out after 1.02 seconds\"}",
  "timestamp": 6100
}
{
  "sandboxLog": "{\"errorMessage\":\"2024-04-13T04:33:57.440Z 5b181c4a-86df-49f9-bf96-0c42d177d048 Task timed out after 1.06 seconds\"}",
  "lambdaLog": "{\"errorMessage\":\"2024-04-13T04:33:57.440Z 5b181c4a-86df-49f9-bf96-0c42d177d048 Task timed out after 1.06 seconds\"}",
  "timestamp": 6200
}
{
  "sandboxLog": "{\"errorMessage\":\"2024-04-13T04:33:58.540Z 09c90f4d-76ea-43ef-9704-529fa5ccaf9d Task timed out after 1.06 seconds\"}",
  "lambdaLog": "{\"errorMessage\":\"2024-04-13T04:33:58.540Z 09c90f4d-76ea-43ef-9704-529fa5ccaf9d Task timed out after 1.06 seconds\"}",
  "timestamp": 6300
}
{
  "sandboxLog": "{\"errorMessage\":\"2024-04-13T04:33:59.641Z 4961c0bb-2cfd-43df-a219-75f88869fda2 Task timed out after 1.06 seconds\"}",
  "lambdaLog": "{\"errorMessage\":\"2024-04-13T04:33:59.641Z 4961c0bb-2cfd-43df-a219-75f88869fda2 Task timed out after 1.06 seconds\"}",
  "timestamp": 6400
}
{
  "sandboxLog": "{\"errorMessage\":\"2024-04-13T04:34:00.741Z fb9378b6-ee9b-49c7-88f8-78ed6ca6f6a0 Task timed out after 1.06 seconds\"}",
  "lambdaLog": "{\"errorMessage\":\"2024-04-13T04:34:00.741Z fb9378b6-ee9b-49c7-88f8-78ed6ca6f6a0 Task timed out after 1.06 seconds\"}",
  "timestamp": 6500
}
{
  "sandboxLog": "{\"errorMessage\":\"2024-04-13T04:34:01.861Z 1e757b0e-c0bc-4d21-bfe7-1aa61e4d58c7 Task timed out after 1.06 seconds\"}",
  "lambdaLog": "{\"errorMessage\":\"2024-04-13T04:34:01.861Z 1e757b0e-c0bc-4d21-bfe7-1aa61e4d58c7 Task timed out after 1.06 seconds\"}",
  "timestamp": 6600
}
{
  "sandboxLog": "{\"errorMessage\":\"2024-04-13T04:34:02.960Z 4e96235a-dbe7-46a2-b267-b695f1b929d5 Task timed out after 1.06 seconds\"}",
  "lambdaLog": "{\"errorMessage\":\"2024-04-13T04:34:02.960Z 4e96235a-dbe7-46a2-b267-b695f1b929d5 Task timed out after 1.06 seconds\"}",
  "timestamp": 6700
}
{
  "sandboxLog": "{\"errorMessage\":\"2024-04-13T04:34:04.060Z 7f6ae6c9-374e-44bf-8175-79e005ea2b79 Task timed out after 1.06 seconds\"}",
  "lambdaLog": "{\"errorMessage\":\"2024-04-13T04:34:04.060Z 7f6ae6c9-374e-44bf-8175-79e005ea2b79 Task timed out after 1.06 seconds\"}",
  "timestamp": 6800
}
{
  "sandboxLog": "{\"errorMessage\":\"2024-04-13T04:34:05.160Z 7f247fe6-d491-4500-8f5f-a701bd6e2be3 Task timed out after 1.06 seconds\"}",
  "lambdaLog": "{\"errorMessage\":\"2024-04-13T04:34:05.160Z 7f247fe6-d491-4500-8f5f-a701bd6e2be3 Task timed out after 1.06 seconds\"}",
  "timestamp": 6900
}
{
  "sandboxLog": "{\"errorMessage\":\"2024-04-13T04:34:06.261Z df23139d-a979-439c-95c4-010f4e815ed9 Task timed out after 1.06 seconds\"}",
  "lambdaLog": "{\"errorMessage\":\"2024-04-13T04:34:06.261Z df23139d-a979-439c-95c4-010f4e815ed9 Task timed out after 1.06 seconds\"}",
  "timestamp": 7000
}
{
  "sandboxLog": "{\"errorMessage\":\"2024-04-13T04:34:07.361Z f619f45f-435b-4032-af40-83f17255be66 Task timed out after 1.06 seconds\"}",
  "lambdaLog": "{\"errorMessage\":\"2024-04-13T04:34:07.361Z f619f45f-435b-4032-af40-83f17255be66 Task timed out after 1.06 seconds\"}",
  "timestamp": 7100
}
{
  "sandboxLog": "{\"errorMessage\":\"2024-04-13T04:34:08.440Z dba361b5-ed05-446f-8975-1b2503d7fa7c Task timed out after 1.04 seconds\"}",
  "lambdaLog": "{\"errorMessage\":\"2024-04-13T04:34:08.440Z dba361b5-ed05-446f-8975-1b2503d7fa7c Task timed out after 1.04 seconds\"}",
  "timestamp": 7200
}
{
  "sandboxLog": "{\"errorMessage\":\"2024-04-13T04:34:09.521Z abd83a56-f20a-4ef1-a36d-f54e20346a51 Task timed out after 1.06 seconds\"}",
  "lambdaLog": "{\"errorMessage\":\"2024-04-13T04:34:09.521Z abd83a56-f20a-4ef1-a36d-f54e20346a51 Task timed out after 1.06 seconds\"}",
  "timestamp": 7300
}
{
  "sandboxLog": "{\"errorMessage\":\"2024-04-13T04:34:10.601Z 6c2dc112-ed19-48a0-a327-17335023d5c6 Task timed out after 1.04 seconds\"}",
  "lambdaLog": "{\"errorMessage\":\"2024-04-13T04:34:10.601Z 6c2dc112-ed19-48a0-a327-17335023d5c6 Task timed out after 1.04 seconds\"}",
  "timestamp": 7400
}
{
  "sandboxLog": "{\"errorMessage\":\"2024-04-13T04:34:11.681Z 25efca2a-e165-4527-91e6-2310eeb14774 Task timed out after 1.04 seconds\"}",
  "lambdaLog": "{\"errorMessage\":\"2024-04-13T04:34:11.681Z 25efca2a-e165-4527-91e6-2310eeb14774 Task timed out after 1.04 seconds\"}",
  "timestamp": 7500
}
{
  "sandboxLog": "{\"errorMessage\":\"2024-04-13T04:34:12.761Z b349a72d-df5a-4dca-af4d-c5cdf12e7fdc Task timed out after 1.02 seconds\"}",
  "lambdaLog": "{\"errorMessage\":\"2024-04-13T04:34:12.761Z b349a72d-df5a-4dca-af4d-c5cdf12e7fdc Task timed out after 1.02 seconds\"}",
  "timestamp": 7600
}
{
  "sandboxLog": "{\"errorMessage\":\"2024-04-13T04:34:13.821Z 780e86e1-f15a-4e14-8507-37abd67255d8 Task timed out after 1.02 seconds\"}",
  "lambdaLog": "{\"errorMessage\":\"2024-04-13T04:34:13.821Z 780e86e1-f15a-4e14-8507-37abd67255d8 Task timed out after 1.02 seconds\"}",
  "timestamp": 7700
}
{
  "sandboxLog": "{\"errorMessage\":\"2024-04-13T04:34:14.901Z 9f83a555-e1fe-4d40-9ae9-e9939cb74523 Task timed out after 1.04 seconds\"}",
  "lambdaLog": "{\"errorMessage\":\"2024-04-13T04:34:14.901Z 9f83a555-e1fe-4d40-9ae9-e9939cb74523 Task timed out after 1.04 seconds\"}",
  "timestamp": 7800
}
{
  "sandboxLog": "{\"errorMessage\":\"2024-04-13T04:34:15.981Z 254e2883-0035-41ac-8250-cba6faa0ed1b Task timed out after 1.04 seconds\"}",
  "lambdaLog": "{\"errorMessage\":\"2024-04-13T04:34:15.981Z 254e2883-0035-41ac-8250-cba6faa0ed1b Task timed out after 1.04 seconds\"}",
  "timestamp": 7900
}
{
  "sandboxLog": "{\"errorMessage\":\"2024-04-13T04:34:17.141Z e5dbfefa-edf6-4183-a788-8ea7582d7015 Task timed out after 1.10 seconds\"}",
  "lambdaLog": "{\"errorMessage\":\"2024-04-13T04:34:17.141Z e5dbfefa-edf6-4183-a788-8ea7582d7015 Task timed out after 1.10 seconds\"}",
  "timestamp": 8000
}
{
  "sandboxLog": "{\"errorMessage\":\"2024-04-13T04:34:18.221Z 9f337e4e-2668-4e30-91b4-bf7d9a6998b8 Task timed out after 1.02 seconds\"}",
  "lambdaLog": "{\"errorMessage\":\"2024-04-13T04:34:18.221Z 9f337e4e-2668-4e30-91b4-bf7d9a6998b8 Task timed out after 1.02 seconds\"}",
  "timestamp": 8100
}
{
  "sandboxLog": "{\"errorMessage\":\"2024-04-13T04:34:19.400Z 1d1bb8e6-f63b-4cec-af79-0bb067341e4d Task timed out after 1.12 seconds\"}",
  "lambdaLog": "{\"errorMessage\":\"2024-04-13T04:34:19.400Z 1d1bb8e6-f63b-4cec-af79-0bb067341e4d Task timed out after 1.12 seconds\"}",
  "timestamp": 8200
}
{
  "sandboxLog": "{\"errorMessage\":\"2024-04-13T04:34:20.520Z ac4ac233-13ed-434b-b2e8-b41f21f3650c Task timed out after 1.08 seconds\"}",
  "lambdaLog": "{\"errorMessage\":\"2024-04-13T04:34:20.520Z ac4ac233-13ed-434b-b2e8-b41f21f3650c Task timed out after 1.08 seconds\"}",
  "timestamp": 8300
}
{
  "sandboxLog": "{\"errorMessage\":\"2024-04-13T04:34:21.681Z 1083058a-cb2d-4ae6-9c93-3d26172536c9 Task timed out after 1.12 seconds\"}",
  "lambdaLog": "{\"errorMessage\":\"2024-04-13T04:34:21.681Z 1083058a-cb2d-4ae6-9c93-3d26172536c9 Task timed out after 1.12 seconds\"}",
  "timestamp": 8400
}
{
  "sandboxLog": "{\"errorMessage\":\"2024-04-13T04:34:22.919Z 171ffaef-2502-4b86-8b72-c9688615af35 Task timed out after 1.16 seconds\"}",
  "lambdaLog": "{\"errorMessage\":\"2024-04-13T04:34:22.919Z 171ffaef-2502-4b86-8b72-c9688615af35 Task timed out after 1.16 seconds\"}",
  "timestamp": 8500
}
{
  "sandboxLog": "{\"errorMessage\":\"2024-04-13T04:34:24.041Z 8a77b7a7-5e3d-4cc2-b3ad-3ea38fe5a01f Task timed out after 1.10 seconds\"}",
  "lambdaLog": "{\"errorMessage\":\"2024-04-13T04:34:24.041Z 8a77b7a7-5e3d-4cc2-b3ad-3ea38fe5a01f Task timed out after 1.10 seconds\"}",
  "timestamp": 8600
}
{
  "sandboxLog": "{\"errorMessage\":\"2024-04-13T04:34:25.140Z d194fb68-99af-484f-bf90-4e6a2ea34220 Task timed out after 1.06 seconds\"}",
  "lambdaLog": "{\"errorMessage\":\"2024-04-13T04:34:25.140Z d194fb68-99af-484f-bf90-4e6a2ea34220 Task timed out after 1.06 seconds\"}",
  "timestamp": 8700
}
{
  "sandboxLog": "{\"errorMessage\":\"2024-04-13T04:34:26.240Z cb441206-85e7-4e63-a73d-4a2845ed2408 Task timed out after 1.06 seconds\"}",
  "lambdaLog": "{\"errorMessage\":\"2024-04-13T04:34:26.240Z cb441206-85e7-4e63-a73d-4a2845ed2408 Task timed out after 1.06 seconds\"}",
  "timestamp": 8800
}
{
  "sandboxLog": "{\"errorMessage\":\"2024-04-13T04:34:27.340Z b6ac62a7-3e14-42a2-b004-90b139934e01 Task timed out after 1.06 seconds\"}",
  "lambdaLog": "{\"errorMessage\":\"2024-04-13T04:34:27.340Z b6ac62a7-3e14-42a2-b004-90b139934e01 Task timed out after 1.06 seconds\"}",
  "timestamp": 8900
}
{
  "sandboxLog": "{\"errorMessage\":\"2024-04-13T04:34:28.441Z 6f51a7c5-3e41-4c55-8557-1a194ea5d217 Task timed out after 1.06 seconds\"}",
  "lambdaLog": "{\"errorMessage\":\"2024-04-13T04:34:28.441Z 6f51a7c5-3e41-4c55-8557-1a194ea5d217 Task timed out after 1.06 seconds\"}",
  "timestamp": 9000
}
{
  "sandboxLog": "{\"errorMessage\":\"2024-04-13T04:34:29.560Z 0b73dc36-73f3-4cc9-921d-77f439591f47 Task timed out after 1.08 seconds\"}",
  "lambdaLog": "{\"errorMessage\":\"2024-04-13T04:34:29.560Z 0b73dc36-73f3-4cc9-921d-77f439591f47 Task timed out after 1.08 seconds\"}",
  "timestamp": 9100
}
{
  "sandboxLog": "{\"errorMessage\":\"2024-04-13T04:34:30.701Z 24aa44fc-643e-4182-b583-50b036a6cd69 Task timed out after 1.12 seconds\"}",
  "lambdaLog": "{\"errorMessage\":\"2024-04-13T04:34:30.701Z 24aa44fc-643e-4182-b583-50b036a6cd69 Task timed out after 1.12 seconds\"}",
  "timestamp": 9200
}
{
  "sandboxLog": "{\"errorMessage\":\"2024-04-13T04:34:31.761Z 11b8fe3a-eb47-4702-81a5-5fca5605a1b1 Task timed out after 1.04 seconds\"}",
  "lambdaLog": "{\"errorMessage\":\"2024-04-13T04:34:31.761Z 11b8fe3a-eb47-4702-81a5-5fca5605a1b1 Task timed out after 1.04 seconds\"}",
  "timestamp": 9300
}
{
  "sandboxLog": "{\"errorMessage\":\"2024-04-13T04:34:32.861Z e4ab5e6e-ee82-4e07-a4a4-f995f013e51c Task timed out after 1.06 seconds\"}",
  "lambdaLog": "{\"errorMessage\":\"2024-04-13T04:34:32.861Z e4ab5e6e-ee82-4e07-a4a4-f995f013e51c Task timed out after 1.06 seconds\"}",
  "timestamp": 9400
}
{
  "sandboxLog": "{\"errorMessage\":\"2024-04-13T04:34:33.961Z 0513480c-2c83-4aa3-b2e9-fe3eeaea8162 Task timed out after 1.04 seconds\"}",
  "lambdaLog": "{\"errorMessage\":\"2024-04-13T04:34:33.961Z 0513480c-2c83-4aa3-b2e9-fe3eeaea8162 Task timed out after 1.04 seconds\"}",
  "timestamp": 9500
}
{
  "sandboxLog": "{\"errorMessage\":\"2024-04-13T04:34:35.201Z dc0b70f8-998b-4087-98fc-03183a1b238e Task timed out after 1.16 seconds\"}",
  "lambdaLog": "{\"errorMessage\":\"2024-04-13T04:34:35.201Z dc0b70f8-998b-4087-98fc-03183a1b238e Task timed out after 1.16 seconds\"}",
  "timestamp": 9600
}
{
  "sandboxLog": "{\"errorMessage\":\"2024-04-13T04:34:36.299Z ef2207b2-0b6c-469f-ad01-b27bd4f8463c Task timed out after 1.06 seconds\"}",
  "lambdaLog": "{\"errorMessage\":\"2024-04-13T04:34:36.299Z ef2207b2-0b6c-469f-ad01-b27bd4f8463c Task timed out after 1.06 seconds\"}",
  "timestamp": 9700
}
{
  "sandboxLog": "{\"errorMessage\":\"2024-04-13T04:34:37.400Z 9e1f18eb-5803-40e8-9c37-e309e6b5bf51 Task timed out after 1.06 seconds\"}",
  "lambdaLog": "{\"errorMessage\":\"2024-04-13T04:34:37.400Z 9e1f18eb-5803-40e8-9c37-e309e6b5bf51 Task timed out after 1.06 seconds\"}",
  "timestamp": 9800
}
{
  "sandboxLog": "{\"errorMessage\":\"2024-04-13T04:34:38.481Z 09a696a1-74d4-444f-8ff6-523aac4bf15e Task timed out after 1.04 seconds\"}",
  "lambdaLog": "{\"errorMessage\":\"2024-04-13T04:34:38.481Z 09a696a1-74d4-444f-8ff6-523aac4bf15e Task timed out after 1.04 seconds\"}",
  "timestamp": 9900
}
{
  "sandboxLog": "{\"errorMessage\":\"2024-04-13T04:34:39.620Z b779518d-2aa2-4884-9f6c-1817e4a4a5c1 Task timed out after 1.08 seconds\"}",
  "lambdaLog": "{\"errorMessage\":\"2024-04-13T04:34:39.620Z b779518d-2aa2-4884-9f6c-1817e4a4a5c1 Task timed out after 1.08 seconds\"}",
  "timestamp": 10000
}
{
  "sandboxLog": "Lambda errors have reached maximum value for submission b601a522-21f0-4d25-95c7-ec7c24afb85d",
  "lambdaLog": null,
  "timestamp": 170485
}



Activities log:
day;timestamp;product;bid_price_1;bid_volume_1;bid_price_2;bid_volume_2;bid_price_3;bid_volume_3;ask_price_1;ask_volume_1;ask_price_2;ask_volume_2;ask_price_3;ask_volume_3;mid_price;profit_and_loss




Trade History:
null